<?xml version="1.0" encoding="UTF-8"?>
<!-- Generated by org.testng.reporters.JUnitReportReporter -->
<testsuite skipped="0" hostname="Krishnas-MacBook-Air.local" name="testCases.NavigateTest" tests="1" failures="0" timestamp="15 Aug 2020 10:07:32 GMT" time="7.705" errors="0">
  <testcase name="navigateToSubCategory" time="7.705" classname="testCases.NavigateTest"/>
</testsuite> <!-- testCases.NavigateTest -->
