<?xml version="1.0" encoding="UTF-8"?>
<!-- Generated by org.testng.reporters.JUnitReportReporter -->
<testsuite skipped="0" hostname="Krishnas-MacBook-Air.local" name="testCases.SearchTest" tests="1" failures="0" timestamp="15 Aug 2020 10:07:32 GMT" time="24.493" errors="0">
  <testcase name="searchForProductAndDifferentSize" time="24.493" classname="testCases.SearchTest"/>
</testsuite> <!-- testCases.SearchTest -->
